android/build/outputs/logs/manifest-merger-debug-report.txt
-- Merging decision tree log ---
manifest
ADDED from swarm-and-hive-android\android\AndroidManifest.xml:2:1-25:12
INJECTED from swarm-and-hive-android\android\AndroidManifest.xml:2:1-25:12
INJECTED from swarm-and-hive-android\android\AndroidManifest.xml:2:1-25:12
INJECTED from swarm-and-hive-android\android\AndroidManifest.xml:2:1-25:12
INJECTED from swarm-and-hive-android\android\AndroidManifest.xml:2:1-25:12
INJECTED from swarm-and-hive-android\android\AndroidManifest.xml:2:1-25:12
INJECTED from swarm-and-hive-android\android\AndroidManifest.xml:2:1-25:12
	package
		ADDED from swarm-and-hive-android\android\AndroidManifest.xml:3:5-42
		INJECTED from swarm-and-hive-android\android\AndroidManifest.xml
		INJECTED from swarm-and-hive-android\android\AndroidManifest.xml
	android:versionName
		INJECTED from swarm-and-hive-android\android\AndroidManifest.xml
		ADDED from swarm-and-hive-android\android\AndroidManifest.xml:2:1-25:12
		INJECTED from swarm-and-hive-android\android\AndroidManifest.xml
	android:versionCode
		INJECTED from swarm-and-hive-android\android\AndroidManifest.xml
		ADDED from swarm-and-hive-android\android\AndroidManifest.xml:2:1-25:12
		INJECTED from swarm-and-hive-android\android\AndroidManifest.xml
	xmlns:android
		ADDED from swarm-and-hive-android\android\AndroidManifest.xml:2:11-69
uses-permission#android.permission.INTERNET
ADDED from swarm-and-hive-android\android\AndroidManifest.xml:4:5-66
	android:name
		ADDED from swarm-and-hive-android\android\AndroidManifest.xml:4:22-64
application
ADDED from swarm-and-hive-android\android\AndroidManifest.xml:5:5-23:19
	android:label
		ADDED from swarm-and-hive-android\android\AndroidManifest.xml:11:9-41
	android:appCategory
		ADDED from swarm-and-hive-android\android\AndroidManifest.xml:10:9-35
	android:icon
		ADDED from swarm-and-hive-android\android\AndroidManifest.xml:8:9-45
	android:allowBackup
		ADDED from swarm-and-hive-android\android\AndroidManifest.xml:7:9-35
	android:theme
		ADDED from swarm-and-hive-android\android\AndroidManifest.xml:12:9-40
	android:networkSecurityConfig
		ADDED from swarm-and-hive-android\android\AndroidManifest.xml:6:9-69
	android:isGame
		ADDED from swarm-and-hive-android\android\AndroidManifest.xml:9:9-30
activity#com.eijproject.swarmandhive.AndroidLauncher
ADDED from swarm-and-hive-android\android\AndroidManifest.xml:13:9-22:20
	android:screenOrientation
		ADDED from swarm-and-hive-android\android\AndroidManifest.xml:16:13-50
	android:label
		ADDED from swarm-and-hive-android\android\AndroidManifest.xml:15:13-45
	android:configChanges
		ADDED from swarm-and-hive-android\android\AndroidManifest.xml:17:13-107
	android:name
		ADDED from swarm-and-hive-android\android\AndroidManifest.xml:14:13-71
intent-filter#action:name:android.intent.action.MAIN+category:name:android.intent.category.LAUNCHER
ADDED from swarm-and-hive-android\android\AndroidManifest.xml:18:13-21:29
action#android.intent.action.MAIN
ADDED from swarm-and-hive-android\android\AndroidManifest.xml:19:17-69
	android:name
		ADDED from swarm-and-hive-android\android\AndroidManifest.xml:19:25-66
category#android.intent.category.LAUNCHER
ADDED from swarm-and-hive-android\android\AndroidManifest.xml:20:17-77
	android:name
		ADDED from swarm-and-hive-android\android\AndroidManifest.xml:20:27-74
uses-sdk
INJECTED from swarm-and-hive-android\android\AndroidManifest.xml reason: use-sdk injection requested
INJECTED from swarm-and-hive-android\android\AndroidManifest.xml
INJECTED from swarm-and-hive-android\android\AndroidManifest.xml
INJECTED from swarm-and-hive-android\android\AndroidManifest.xml
INJECTED from swarm-and-hive-android\android\AndroidManifest.xml
	android:targetSdkVersion
		INJECTED from swarm-and-hive-android\android\AndroidManifest.xml
		ADDED from swarm-and-hive-android\android\AndroidManifest.xml
		INJECTED from swarm-and-hive-android\android\AndroidManifest.xml
	android:minSdkVersion
		INJECTED from swarm-and-hive-android\android\AndroidManifest.xml
		ADDED from swarm-and-hive-android\android\AndroidManifest.xml
		INJECTED from swarm-and-hive-android\android\AndroidManifest.xml